16:49:11.933 INFO - Selenium build info: version: '3.0.1', revision: '1969d75'
16:49:11.934 INFO - Launching a standalone Selenium Server
2017-01-26 16:49:11.950:INFO::main: Logging initialized @167ms
16:49:11.992 INFO - Driver class not found: com.opera.core.systems.OperaDriver
16:49:11.992 INFO - Driver provider com.opera.core.systems.OperaDriver registration is skipped:
Unable to create new instances on this machine.
16:49:11.992 INFO - Driver class not found: com.opera.core.systems.OperaDriver
16:49:11.992 INFO - Driver provider com.opera.core.systems.OperaDriver is not registered
16:49:11.997 INFO - Driver provider org.openqa.selenium.safari.SafariDriver registration is skipped:
 registration capabilities Capabilities [{browserName=safari, version=, platform=MAC}] does not match the current platform WIN8_1
2017-01-26 16:49:12.025:INFO:osjs.Server:main: jetty-9.2.15.v20160210
2017-01-26 16:49:12.039:INFO:osjsh.ContextHandler:main: Started o.s.j.s.ServletContextHandler@15eef3d{/,null,AVAILABLE}
2017-01-26 16:49:12.056:INFO:osjs.ServerConnector:main: Started ServerConnector@1aeed2f{HTTP/1.1}{0.0.0.0:4444}
2017-01-26 16:49:12.056:INFO:osjs.Server:main: Started @272ms
16:49:12.056 INFO - Selenium Server is up and running
16:49:12.309 INFO - SessionCleaner initialized with insideBrowserTimeout 0 and clientGoneTimeout 1800000 polling every 180000
16:49:12.339 INFO - Executing: [new session: Capabilities [{acceptSslCerts=true, name=Lunch\chipotleonlineorder, browserName=chrome, javascriptEnabled=true, chromeOptions={args=[window-size=375,667, disable-web-security]}, platform=ANY}]])
16:49:12.470 INFO - Creating a new session for Capabilities [{acceptSslCerts=true, name=Lunch\chipotleonlineorder, browserName=chrome, javascriptEnabled=true, chromeOptions={args=[window-size=375,667, disable-web-security]}, platform=ANY}]
Starting ChromeDriver 2.27.440174 (e97a722caafc2d3a8b807ee115bfb307f7d2cfd9) on port 1684
Only local connections are allowed.
16:49:13.148 INFO - Attempting bi-dialect session, assuming Postel's Law holds true on the remote end
16:49:14.526 INFO - Detected dialect: OSS
16:49:14.537 INFO - Done: [new session: Capabilities [{acceptSslCerts=true, name=Lunch\chipotleonlineorder, browserName=chrome, javascriptEnabled=true, chromeOptions={args=[window-size=375,667, disable-web-security]}, platform=ANY}]]
16:49:14.548 INFO - Executing: [get: https://chipotle.com/])
16:49:19.920 INFO - Done: [get: https://chipotle.com/]
16:49:19.924 INFO - Executing: [get current url])
16:49:19.933 INFO - Done: [get current url]
16:49:19.942 INFO - Executing: [find elements: By.cssSelector: body])
16:49:19.992 INFO - Done: [find elements: By.cssSelector: body]
16:49:19.997 INFO - Executing: [take screenshot])
16:49:21.218 INFO - Done: [take screenshot]
16:49:21.241 INFO - Executing: [find element: By.xpath: /html/body/header/div[1]/div/nav[3]/ul/li[3]/a/span])
16:49:21.264 INFO - Done: [find element: By.xpath: /html/body/header/div[1]/div/nav[3]/ul/li[3]/a/span]
16:49:21.267 INFO - Executing: [click: 1 [[ChromeDriver: chrome on WIN8_1 (dc391fe8e558f3e4d7b54ce5434cc07b)] -> xpath: /html/body/header/div[1]/div/nav[3]/ul/li[3]/a/span]])
16:49:21.335 INFO - Done: [click: 1 [[ChromeDriver: chrome on WIN8_1 (dc391fe8e558f3e4d7b54ce5434cc07b)] -> xpath: /html/body/header/div[1]/div/nav[3]/ul/li[3]/a/span]]
16:49:21.342 INFO - Executing: [find elements: By.cssSelector: body])
16:49:21.355 INFO - Done: [find elements: By.cssSelector: body]
16:49:21.360 INFO - Executing: [take screenshot])
16:49:21.497 INFO - Done: [take screenshot]
16:49:21.524 INFO - Executing: [get window handles])
16:49:21.528 INFO - Done: [get window handles]
16:49:21.532 INFO - Executing: [switch to window: CDwindow-c7ff6a7d-ba3a-44d9-b040-36abbeedcc00])
16:49:21.537 INFO - Done: [switch to window: CDwindow-c7ff6a7d-ba3a-44d9-b040-36abbeedcc00]
16:49:21.542 INFO - Executing: [find elements: By.cssSelector: body])
16:49:22.569 INFO - Done: [find elements: By.cssSelector: body]
16:49:24.574 INFO - Executing: [take screenshot])
16:49:24.706 INFO - Done: [take screenshot]
16:49:24.724 INFO - Executing: [find element: By.xpath: /html/body/div/div/cmg-order-entree/div/div[1]/div/form/input])
16:49:24.744 INFO - Done: [find element: By.xpath: /html/body/div/div/cmg-order-entree/div/div[1]/div/form/input]
16:49:24.748 INFO - Executing: [send keys: 3 [[ChromeDriver: chrome on WIN8_1 (dc391fe8e558f3e4d7b54ce5434cc07b)] -> xpath: /html/body/div/div/cmg-order-entree/div/div[1]/div/form/input], [0, 7, 1, 1, 0]])
16:49:24.804 INFO - Done: [send keys: 3 [[ChromeDriver: chrome on WIN8_1 (dc391fe8e558f3e4d7b54ce5434cc07b)] -> xpath: /html/body/div/div/cmg-order-entree/div/div[1]/div/form/input], [0, 7, 1, 1, 0]]
16:49:25.808 INFO - Executing: [take screenshot])
16:49:25.983 INFO - Done: [take screenshot]
16:49:26.011 INFO - Executing: [send keys to active: [?]])
16:49:26.023 INFO - Done: [send keys to active: [?]]
16:49:27.027 INFO - Executing: [take screenshot])
16:49:27.162 INFO - Done: [take screenshot]
16:49:27.190 INFO - Executing: [find element: By.xpath: //*[@id="817"]])
16:49:27.211 INFO - Done: [find element: By.xpath: //*[@id="817"]]
16:49:27.215 INFO - Executing: [click: 4 [[ChromeDriver: chrome on WIN8_1 (dc391fe8e558f3e4d7b54ce5434cc07b)] -> xpath: //*[@id="817"]]])
16:49:27.272 INFO - Done: [click: 4 [[ChromeDriver: chrome on WIN8_1 (dc391fe8e558f3e4d7b54ce5434cc07b)] -> xpath: //*[@id="817"]]]
16:49:27.279 INFO - Executing: [find element: By.xpath: /html/body/div/div/cmg-order-entree/div/div[3]/cmg-entrees/div/div[1]/div[2]/div/a/cmg-entree-tile])
16:49:27.298 INFO - Done: [find element: By.xpath: /html/body/div/div/cmg-order-entree/div/div[3]/cmg-entrees/div/div[1]/div[2]/div/a/cmg-entree-tile]
16:49:27.301 INFO - Executing: [click: 5 [[ChromeDriver: chrome on WIN8_1 (dc391fe8e558f3e4d7b54ce5434cc07b)] -> xpath: /html/body/div/div/cmg-order-entree/div/div[3]/cmg-entrees/div/div[1]/div[2]/div/a/cmg-entree-tile]])
16:49:27.365 INFO - Done: [click: 5 [[ChromeDriver: chrome on WIN8_1 (dc391fe8e558f3e4d7b54ce5434cc07b)] -> xpath: /html/body/div/div/cmg-order-entree/div/div[3]/cmg-entrees/div/div[1]/div[2]/div/a/cmg-entree-tile]]
16:49:29.368 INFO - Executing: [get current url])
16:49:29.378 INFO - Done: [get current url]
16:49:29.383 INFO - Executing: [find element: By.xpath: //*[@id="carnitas"]])
16:49:29.416 INFO - Done: [find element: By.xpath: //*[@id="carnitas"]]
16:49:29.418 INFO - Executing: [click: 6 [[ChromeDriver: chrome on WIN8_1 (dc391fe8e558f3e4d7b54ce5434cc07b)] -> xpath: //*[@id="carnitas"]]])
16:49:29.484 INFO - Done: [click: 6 [[ChromeDriver: chrome on WIN8_1 (dc391fe8e558f3e4d7b54ce5434cc07b)] -> xpath: //*[@id="carnitas"]]]
16:49:29.487 INFO - Executing: [get current url])
16:49:29.494 INFO - Done: [get current url]
16:49:29.498 INFO - Executing: [find element: By.xpath: //*[@id="ricebrown"]])
16:49:29.517 INFO - Done: [find element: By.xpath: //*[@id="ricebrown"]]
16:49:29.519 INFO - Executing: [click: 7 [[ChromeDriver: chrome on WIN8_1 (dc391fe8e558f3e4d7b54ce5434cc07b)] -> xpath: //*[@id="ricebrown"]]])
16:49:29.575 INFO - Done: [click: 7 [[ChromeDriver: chrome on WIN8_1 (dc391fe8e558f3e4d7b54ce5434cc07b)] -> xpath: //*[@id="ricebrown"]]]
16:49:29.578 INFO - Executing: [get current url])
16:49:29.585 INFO - Done: [get current url]
16:49:29.589 INFO - Executing: [find element: By.xpath: //*[@id="beansblack"]])
16:49:29.609 INFO - Done: [find element: By.xpath: //*[@id="beansblack"]]
16:49:29.612 INFO - Executing: [click: 8 [[ChromeDriver: chrome on WIN8_1 (dc391fe8e558f3e4d7b54ce5434cc07b)] -> xpath: //*[@id="beansblack"]]])
16:49:29.660 INFO - Done: [click: 8 [[ChromeDriver: chrome on WIN8_1 (dc391fe8e558f3e4d7b54ce5434cc07b)] -> xpath: //*[@id="beansblack"]]]
16:49:29.662 INFO - Executing: [get current url])
16:49:29.672 INFO - Done: [get current url]
16:49:29.676 INFO - Executing: [find element: By.xpath: //*[@id="guactopping"]])
16:49:29.694 INFO - Done: [find element: By.xpath: //*[@id="guactopping"]]
16:49:29.696 INFO - Executing: [click: 9 [[ChromeDriver: chrome on WIN8_1 (dc391fe8e558f3e4d7b54ce5434cc07b)] -> xpath: //*[@id="guactopping"]]])
16:49:29.739 INFO - Done: [click: 9 [[ChromeDriver: chrome on WIN8_1 (dc391fe8e558f3e4d7b54ce5434cc07b)] -> xpath: //*[@id="guactopping"]]]
16:49:29.742 INFO - Executing: [get current url])
16:49:29.749 INFO - Done: [get current url]
16:49:29.753 INFO - Executing: [find element: By.xpath: //*[@id="salsacorn"]])
16:49:29.773 INFO - Done: [find element: By.xpath: //*[@id="salsacorn"]]
16:49:29.776 INFO - Executing: [click: 10 [[ChromeDriver: chrome on WIN8_1 (dc391fe8e558f3e4d7b54ce5434cc07b)] -> xpath: //*[@id="salsacorn"]]])
16:49:29.820 INFO - Done: [click: 10 [[ChromeDriver: chrome on WIN8_1 (dc391fe8e558f3e4d7b54ce5434cc07b)] -> xpath: //*[@id="salsacorn"]]]
16:49:29.823 INFO - Executing: [find element: By.xpath: //*[@id="salsagreenchili"]])
16:49:29.841 INFO - Done: [find element: By.xpath: //*[@id="salsagreenchili"]]
16:49:29.844 INFO - Executing: [click: 11 [[ChromeDriver: chrome on WIN8_1 (dc391fe8e558f3e4d7b54ce5434cc07b)] -> xpath: //*[@id="salsagreenchili"]]])
16:49:29.895 INFO - Done: [click: 11 [[ChromeDriver: chrome on WIN8_1 (dc391fe8e558f3e4d7b54ce5434cc07b)] -> xpath: //*[@id="salsagreenchili"]]]
16:49:29.898 INFO - Executing: [find element: By.xpath: //*[@id="cheese"]])
16:49:29.918 INFO - Done: [find element: By.xpath: //*[@id="cheese"]]
16:49:29.920 INFO - Executing: [click: 12 [[ChromeDriver: chrome on WIN8_1 (dc391fe8e558f3e4d7b54ce5434cc07b)] -> xpath: //*[@id="cheese"]]])
16:49:29.978 INFO - Done: [click: 12 [[ChromeDriver: chrome on WIN8_1 (dc391fe8e558f3e4d7b54ce5434cc07b)] -> xpath: //*[@id="cheese"]]]
16:49:29.981 INFO - Executing: [find element: By.xpath: //*[@id="lettuce"]])
16:49:30.005 INFO - Done: [find element: By.xpath: //*[@id="lettuce"]]
16:49:30.008 INFO - Executing: [click: 13 [[ChromeDriver: chrome on WIN8_1 (dc391fe8e558f3e4d7b54ce5434cc07b)] -> xpath: //*[@id="lettuce"]]])
16:49:30.055 INFO - Done: [click: 13 [[ChromeDriver: chrome on WIN8_1 (dc391fe8e558f3e4d7b54ce5434cc07b)] -> xpath: //*[@id="lettuce"]]]
16:49:30.058 INFO - Executing: [find element: By.xpath: //*[@id="chipsandguacamole"]])
16:49:30.076 INFO - Done: [find element: By.xpath: //*[@id="chipsandguacamole"]]
16:49:30.080 INFO - Executing: [click: 14 [[ChromeDriver: chrome on WIN8_1 (dc391fe8e558f3e4d7b54ce5434cc07b)] -> xpath: //*[@id="chipsandguacamole"]]])
16:49:30.126 INFO - Done: [click: 14 [[ChromeDriver: chrome on WIN8_1 (dc391fe8e558f3e4d7b54ce5434cc07b)] -> xpath: //*[@id="chipsandguacamole"]]]
16:49:30.129 INFO - Executing: [find element: By.xpath: //*[@id="sodalarge"]])
16:49:30.149 INFO - Done: [find element: By.xpath: //*[@id="sodalarge"]]
16:49:30.152 INFO - Executing: [click: 15 [[ChromeDriver: chrome on WIN8_1 (dc391fe8e558f3e4d7b54ce5434cc07b)] -> xpath: //*[@id="sodalarge"]]])
16:49:30.199 INFO - Done: [click: 15 [[ChromeDriver: chrome on WIN8_1 (dc391fe8e558f3e4d7b54ce5434cc07b)] -> xpath: //*[@id="sodalarge"]]]
16:49:30.201 INFO - Executing: [get current url])
16:49:30.207 INFO - Done: [get current url]
16:49:30.211 INFO - Executing: [find element: By.xpath: //*[@id="next"]])
16:49:30.232 INFO - Done: [find element: By.xpath: //*[@id="next"]]
16:49:30.234 INFO - Executing: [click: 16 [[ChromeDriver: chrome on WIN8_1 (dc391fe8e558f3e4d7b54ce5434cc07b)] -> xpath: //*[@id="next"]]])
16:49:30.292 INFO - Done: [click: 16 [[ChromeDriver: chrome on WIN8_1 (dc391fe8e558f3e4d7b54ce5434cc07b)] -> xpath: //*[@id="next"]]]
16:49:30.299 INFO - Executing: [find element: By.xpath: //*[@id="bag-container"]])
16:49:30.318 INFO - Done: [find element: By.xpath: //*[@id="bag-container"]]
16:49:30.320 INFO - Executing: [click: 17 [[ChromeDriver: chrome on WIN8_1 (dc391fe8e558f3e4d7b54ce5434cc07b)] -> xpath: //*[@id="bag-container"]]])
16:49:30.845 WARN - Exception thrown
org.openqa.selenium.ElementNotVisibleException: element not visible
  (Session info: chrome=55.0.2883.87)
  (Driver info: chromedriver=2.27.440174 (e97a722caafc2d3a8b807ee115bfb307f7d2cfd9),platform=Windows NT 10.0.14393 x86_64) (WARNING: The server did not provide any stacktrace information)
Command duration or timeout: 30 milliseconds
Build info: version: '3.0.1', revision: '1969d75', time: '2016-10-18 09:48:19 -0700'
System info: host: 'NJ100394LT', ip: '10.254.68.186', os.name: 'Windows 8.1', os.arch: 'x86', os.version: '6.3', java.version: '1.8.0_51'
Driver info: org.openqa.selenium.chrome.ChromeDriver
Capabilities [{applicationCacheEnabled=false, rotatable=false, mobileEmulationEnabled=false, networkConnectionEnabled=false, chrome={chromedriverVersion=2.27.440174 (e97a722caafc2d3a8b807ee115bfb307f7d2cfd9), userDataDir=C:\Users\arose\AppData\Local\Temp\scoped_dir3288_123}, takesHeapSnapshot=true, pageLoadStrategy=normal, databaseEnabled=false, handlesAlerts=true, hasTouchScreen=false, version=55.0.2883.87, platform=WIN8_1, browserConnectionEnabled=false, nativeEvents=true, acceptSslCerts=true, locationContextEnabled=true, webStorageEnabled=true, browserName=chrome, takesScreenshot=true, javascriptEnabled=true, cssSelectorsEnabled=true, unexpectedAlertBehaviour=}]
Session ID: dc391fe8e558f3e4d7b54ce5434cc07b
	at sun.reflect.NativeConstructorAccessorImpl.newInstance0(Native Method)
	at sun.reflect.NativeConstructorAccessorImpl.newInstance(Unknown Source)
	at sun.reflect.DelegatingConstructorAccessorImpl.newInstance(Unknown Source)
	at java.lang.reflect.Constructor.newInstance(Unknown Source)
	at org.openqa.selenium.remote.ErrorHandler.createThrowable(ErrorHandler.java:216)
	at org.openqa.selenium.remote.ErrorHandler.throwIfResponseFailed(ErrorHandler.java:168)
	at org.openqa.selenium.remote.RemoteWebDriver.execute(RemoteWebDriver.java:635)
	at org.openqa.selenium.remote.RemoteWebElement.execute(RemoteWebElement.java:274)
	at org.openqa.selenium.remote.RemoteWebElement.click(RemoteWebElement.java:84)
	at sun.reflect.GeneratedMethodAccessor7.invoke(Unknown Source)
	at sun.reflect.DelegatingMethodAccessorImpl.invoke(Unknown Source)
	at java.lang.reflect.Method.invoke(Unknown Source)
	at org.openqa.selenium.support.events.EventFiringWebDriver$EventFiringWebElement$1.invoke(EventFiringWebDriver.java:331)
	at com.sun.proxy.$Proxy5.click(Unknown Source)
	at org.openqa.selenium.support.events.EventFiringWebDriver$EventFiringWebElement.click(EventFiringWebDriver.java:344)
	at sun.reflect.GeneratedMethodAccessor7.invoke(Unknown Source)
	at sun.reflect.DelegatingMethodAccessorImpl.invoke(Unknown Source)
	at java.lang.reflect.Method.invoke(Unknown Source)
	at org.openqa.selenium.remote.server.KnownElements$1.invoke(KnownElements.java:64)
	at com.sun.proxy.$Proxy6.click(Unknown Source)
	at org.openqa.selenium.remote.server.handler.ClickElement.call(ClickElement.java:30)
	at org.openqa.selenium.remote.server.handler.ClickElement.call(ClickElement.java:22)
	at java.util.concurrent.FutureTask.run(Unknown Source)
	at org.openqa.selenium.remote.server.DefaultSession$1.run(DefaultSession.java:176)
	at java.util.concurrent.ThreadPoolExecutor.runWorker(Unknown Source)
	at java.util.concurrent.ThreadPoolExecutor$Worker.run(Unknown Source)
	at java.lang.Thread.run(Unknown Source)
16:49:30.847 WARN - Exception: element not visible
  (Session info: chrome=55.0.2883.87)
  (Driver info: chromedriver=2.27.440174 (e97a722caafc2d3a8b807ee115bfb307f7d2cfd9),platform=Windows NT 10.0.14393 x86_64) (WARNING: The server did not provide any stacktrace information)
Command duration or timeout: 30 milliseconds
Build info: version: '3.0.1', revision: '1969d75', time: '2016-10-18 09:48:19 -0700'
System info: host: 'NJ100394LT', ip: '10.254.68.186', os.name: 'Windows 8.1', os.arch: 'x86', os.version: '6.3', java.version: '1.8.0_51'
Driver info: org.openqa.selenium.chrome.ChromeDriver
Capabilities [{applicationCacheEnabled=false, rotatable=false, mobileEmulationEnabled=false, networkConnectionEnabled=false, chrome={chromedriverVersion=2.27.440174 (e97a722caafc2d3a8b807ee115bfb307f7d2cfd9), userDataDir=C:\Users\arose\AppData\Local\Temp\scoped_dir3288_123}, takesHeapSnapshot=true, pageLoadStrategy=normal, databaseEnabled=false, handlesAlerts=true, hasTouchScreen=false, version=55.0.2883.87, platform=WIN8_1, browserConnectionEnabled=false, nativeEvents=true, acceptSslCerts=true, locationContextEnabled=true, webStorageEnabled=true, browserName=chrome, takesScreenshot=true, javascriptEnabled=true, cssSelectorsEnabled=true, unexpectedAlertBehaviour=}]
Session ID: dc391fe8e558f3e4d7b54ce5434cc07b
16:49:30.889 INFO - Executing: [find element: By.cssSelector: input[type=text]])
16:49:30.927 INFO - Done: [find element: By.cssSelector: input[type=text]]
16:49:30.929 INFO - Executing: [send keys: 18 [[ChromeDriver: chrome on WIN8_1 (dc391fe8e558f3e4d7b54ce5434cc07b)] -> css selector: input[type=text]], [A, l, e, x,  , R, o, s, e]])
16:49:31.386 WARN - Exception thrown
org.openqa.selenium.ElementNotVisibleException: element not visible
  (Session info: chrome=55.0.2883.87)
  (Driver info: chromedriver=2.27.440174 (e97a722caafc2d3a8b807ee115bfb307f7d2cfd9),platform=Windows NT 10.0.14393 x86_64) (WARNING: The server did not provide any stacktrace information)
Command duration or timeout: 24 milliseconds
Build info: version: '3.0.1', revision: '1969d75', time: '2016-10-18 09:48:19 -0700'
System info: host: 'NJ100394LT', ip: '10.254.68.186', os.name: 'Windows 8.1', os.arch: 'x86', os.version: '6.3', java.version: '1.8.0_51'
Driver info: org.openqa.selenium.chrome.ChromeDriver
Capabilities [{applicationCacheEnabled=false, rotatable=false, mobileEmulationEnabled=false, networkConnectionEnabled=false, chrome={chromedriverVersion=2.27.440174 (e97a722caafc2d3a8b807ee115bfb307f7d2cfd9), userDataDir=C:\Users\arose\AppData\Local\Temp\scoped_dir3288_123}, takesHeapSnapshot=true, pageLoadStrategy=normal, databaseEnabled=false, handlesAlerts=true, hasTouchScreen=false, version=55.0.2883.87, platform=WIN8_1, browserConnectionEnabled=false, nativeEvents=true, acceptSslCerts=true, locationContextEnabled=true, webStorageEnabled=true, browserName=chrome, takesScreenshot=true, javascriptEnabled=true, cssSelectorsEnabled=true, unexpectedAlertBehaviour=}]
Session ID: dc391fe8e558f3e4d7b54ce5434cc07b
	at sun.reflect.NativeConstructorAccessorImpl.newInstance0(Native Method)
	at sun.reflect.NativeConstructorAccessorImpl.newInstance(Unknown Source)
	at sun.reflect.DelegatingConstructorAccessorImpl.newInstance(Unknown Source)
	at java.lang.reflect.Constructor.newInstance(Unknown Source)
	at org.openqa.selenium.remote.ErrorHandler.createThrowable(ErrorHandler.java:216)
	at org.openqa.selenium.remote.ErrorHandler.throwIfResponseFailed(ErrorHandler.java:168)
	at org.openqa.selenium.remote.RemoteWebDriver.execute(RemoteWebDriver.java:635)
	at org.openqa.selenium.remote.RemoteWebElement.execute(RemoteWebElement.java:274)
	at org.openqa.selenium.remote.RemoteWebElement.sendKeys(RemoteWebElement.java:98)
	at sun.reflect.NativeMethodAccessorImpl.invoke0(Native Method)
	at sun.reflect.NativeMethodAccessorImpl.invoke(Unknown Source)
	at sun.reflect.DelegatingMethodAccessorImpl.invoke(Unknown Source)
	at java.lang.reflect.Method.invoke(Unknown Source)
	at org.openqa.selenium.support.events.EventFiringWebDriver$EventFiringWebElement$1.invoke(EventFiringWebDriver.java:331)
	at com.sun.proxy.$Proxy5.sendKeys(Unknown Source)
	at org.openqa.selenium.support.events.EventFiringWebDriver$EventFiringWebElement.sendKeys(EventFiringWebDriver.java:354)
	at sun.reflect.NativeMethodAccessorImpl.invoke0(Native Method)
	at sun.reflect.NativeMethodAccessorImpl.invoke(Unknown Source)
	at sun.reflect.DelegatingMethodAccessorImpl.invoke(Unknown Source)
	at java.lang.reflect.Method.invoke(Unknown Source)
	at org.openqa.selenium.remote.server.KnownElements$1.invoke(KnownElements.java:64)
	at com.sun.proxy.$Proxy6.sendKeys(Unknown Source)
	at org.openqa.selenium.remote.server.handler.SendKeys.call(SendKeys.java:50)
	at org.openqa.selenium.remote.server.handler.SendKeys.call(SendKeys.java:29)
	at java.util.concurrent.FutureTask.run(Unknown Source)
	at org.openqa.selenium.remote.server.DefaultSession$1.run(DefaultSession.java:176)
	at java.util.concurrent.ThreadPoolExecutor.runWorker(Unknown Source)
	at java.util.concurrent.ThreadPoolExecutor$Worker.run(Unknown Source)
	at java.lang.Thread.run(Unknown Source)
16:49:31.387 WARN - Exception: element not visible
  (Session info: chrome=55.0.2883.87)
  (Driver info: chromedriver=2.27.440174 (e97a722caafc2d3a8b807ee115bfb307f7d2cfd9),platform=Windows NT 10.0.14393 x86_64) (WARNING: The server did not provide any stacktrace information)
Command duration or timeout: 24 milliseconds
Build info: version: '3.0.1', revision: '1969d75', time: '2016-10-18 09:48:19 -0700'
System info: host: 'NJ100394LT', ip: '10.254.68.186', os.name: 'Windows 8.1', os.arch: 'x86', os.version: '6.3', java.version: '1.8.0_51'
Driver info: org.openqa.selenium.chrome.ChromeDriver
Capabilities [{applicationCacheEnabled=false, rotatable=false, mobileEmulationEnabled=false, networkConnectionEnabled=false, chrome={chromedriverVersion=2.27.440174 (e97a722caafc2d3a8b807ee115bfb307f7d2cfd9), userDataDir=C:\Users\arose\AppData\Local\Temp\scoped_dir3288_123}, takesHeapSnapshot=true, pageLoadStrategy=normal, databaseEnabled=false, handlesAlerts=true, hasTouchScreen=false, version=55.0.2883.87, platform=WIN8_1, browserConnectionEnabled=false, nativeEvents=true, acceptSslCerts=true, locationContextEnabled=true, webStorageEnabled=true, browserName=chrome, takesScreenshot=true, javascriptEnabled=true, cssSelectorsEnabled=true, unexpectedAlertBehaviour=}]
Session ID: dc391fe8e558f3e4d7b54ce5434cc07b
